{"logTime": "0510/165030", "correlationVector":"iF0w4JCSLDx4lxYtgHFq9v.1","action":"SyncServerConnectionManagerRequest", "result":"SYNC_SERVER_OK", "context":{"environment":"Prod_germanywestcentral_prod-s01-010-eur-germanywestcentral", "migrationStage":"NotStarted", "server":"akswtt00700001f"}}
{"logTime": "0510/165030", "correlationVector":"iF0w4JCSLDx4lxYtgHFq9v.2","action":"ProcessGetUpdates", "result":"Done", "context":{"dataType":"Encryption Keys", "deleted":"0", "process_failed_to_decrypt":"0", "process_pending_decryption":"0", "process_success":"1", "total":"1"}}
{"logTime": "0510/165031", "correlationVector":"Pr67BhrAo8o+3mzKAhbvqi","action":"SyncServerConnectionManagerRequest", "result":"SYNC_SERVER_OK", "context":{"environment":"", "migrationStage":"", "server":""}}
{"logTime": "0510/165031", "correlationVector":"Pr67BhrAo8o+3mzKAhbvqi.0","action":"EncryptionKeysFetcher.DownloadKeys:", "result":"Success", "context":Key count: 4, Last key timestamp: 2024-11-20T20:49:19Z}
{"logTime": "0510/165031", "correlationVector":"Pr67BhrAo8o+3mzKAhbvqi.1","action":"EncryptionKeysManager::SetEncryptionKeys:", "result":"Success", "context":Key names[4]:[fxiFK8L3hFTKsfXmU3LfQU2hjmODUFONB45wgJahCAtRIkgwdL7EZeYmc0N8HRDXb0thKwzhyttsFV/WTZ3MPQ==][hhO9EWDkSqn8lXxl9KSEj8299/K+TrEsS8DiTeELCtDKIegs6Fj/5c8uLK9HaFT2wQyl3jiRsszMwbBmTyXVXA==][XdF2XeI/i/zcRHF0JM/kCxue7feJ3VMxqxHtjB7VPevIzIffSJeOXVsIUadEaEpvbdJCAZFmuz1363/QG7USyw==][NoaK424uZq8vrRc78A4TfeTTAo0ajnf6qSio2NB+cLjZoFPEF04AoJXy+zEET9R2TVM8P+TKCpdJlI2zBIukeQ==]}
{"logTime": "0510/165031", "correlationVector":"Pr67BhrAo8o+3mzKAhbvqi.2","action":"EncryptionKeysManager::SetEncryptionKeysWithTimestamps:", "result":"Success", "context":Key timestamps[4]:[2023-05-25T18:35:31Z][2023-11-18T13:03:16Z][2024-05-22T08:34:15Z][2024-11-20T20:49:19Z]}
{"logTime": "0510/165031", "correlationVector":"iF0w4JCSLDx4lxYtgHFq9v","action":"Initial GetUpdates", "result":"", "context":Reason: NEW_CLIENT. cV=iF0w4JCSLDx4lxYtgHFq9v}
{"logTime": "0510/165031", "correlationVector":"iF0w4JCSLDx4lxYtgHFq9v.3","action":"GetUpdates Response", "result":"Success", "context":Received 1 update(s). cV=iF0w4JCSLDx4lxYtgHFq9v.0;server=akswtt00700001f;cloudType=Consumer;environment=Prod_germanywestcentral_prod-s01-010-eur-germanywestcentral;migrationStage=NotStarted}
{"logTime": "0510/165031", "correlationVector":"X8pCT7dki1Mgp8WSSx5ViT","action":"Initial GetUpdates", "result":"", "context":Reason: NEWLY_SUPPORTED_DATATYPE. cV=X8pCT7dki1Mgp8WSSx5ViT}
{"logTime": "0510/165032", "correlationVector":"X8pCT7dki1Mgp8WSSx5ViT.1","action":"SyncServerConnectionManagerRequest", "result":"SYNC_SERVER_OK", "context":{"environment":"Prod_germanywestcentral_prod-s01-010-eur-germanywestcentral", "migrationStage":"NotStarted", "server":"akswtt007000003"}}
{"logTime": "0510/165032", "correlationVector":"X8pCT7dki1Mgp8WSSx5ViT.2","action":"ProcessGetUpdates", "result":"Done", "context":{"dataType":"Preferences", "deleted":"4", "process_failed_to_decrypt":"0", "process_pending_decryption":"0", "process_success":"82", "total":"82"}}
{"logTime": "0510/165032", "correlationVector":"X8pCT7dki1Mgp8WSSx5ViT.3","action":"ProcessGetUpdates", "result":"Done", "context":{"dataType":"Passwords", "deleted":"0", "process_failed_to_decrypt":"0", "process_pending_decryption":"0", "process_success":"29", "total":"29"}}
{"logTime": "0510/165032", "correlationVector":"X8pCT7dki1Mgp8WSSx5ViT.4","action":"ProcessGetUpdates", "result":"Done", "context":{"dataType":"Device Info", "deleted":"0", "process_failed_to_decrypt":"0", "process_pending_decryption":"0", "process_success":"33", "total":"33"}}
{"logTime": "0510/165032", "correlationVector":"X8pCT7dki1Mgp8WSSx5ViT.5","action":"GetUpdates Response", "result":"Success", "context":Received 144 update(s). cV=X8pCT7dki1Mgp8WSSx5ViT.0;server=akswtt007000003;cloudType=Consumer;environment=Prod_germanywestcentral_prod-s01-010-eur-germanywestcentral;migrationStage=NotStarted}
{"logTime": "0510/165032", "correlationVector":"jSlQSGCw9UZ4dU42J0vW0d","action":"Initial GetUpdates", "result":"", "context":Reason: NEWLY_SUPPORTED_DATATYPE. cV=jSlQSGCw9UZ4dU42J0vW0d}
{"logTime": "0510/165032", "correlationVector":"jSlQSGCw9UZ4dU42J0vW0d.1","action":"SyncServerConnectionManagerRequest", "result":"SYNC_SERVER_OK", "context":{"environment":"Prod_germanywestcentral_prod-s01-010-eur-germanywestcentral", "migrationStage":"NotStarted", "server":"akswtt007000020"}}
{"logTime": "0510/165032", "correlationVector":"jSlQSGCw9UZ4dU42J0vW0d.2","action":"ProcessGetUpdates", "result":"Done", "context":{"dataType":"Bookmarks", "deleted":"0", "process_failed_to_decrypt":"0", "process_pending_decryption":"0", "process_success":"23", "total":"23"}}
{"logTime": "0510/165032", "correlationVector":"jSlQSGCw9UZ4dU42J0vW0d.3","action":"GetUpdates Response", "result":"Success", "context":Received 23 update(s). cV=jSlQSGCw9UZ4dU42J0vW0d.0;server=akswtt007000020;cloudType=Consumer;environment=Prod_germanywestcentral_prod-s01-010-eur-germanywestcentral;migrationStage=NotStarted}
{"logTime": "0510/165032", "correlationVector":"sK8LT4uYyAU3p2nbiVE/4a","action":"Initial GetUpdates", "result":"", "context":Reason: NEWLY_SUPPORTED_DATATYPE. cV=sK8LT4uYyAU3p2nbiVE/4a}
{"logTime": "0510/165032", "correlationVector":"sK8LT4uYyAU3p2nbiVE/4a.1","action":"SyncServerConnectionManagerRequest", "result":"SYNC_SERVER_OK", "context":{"environment":"Prod_germanywestcentral_prod-s01-011-eur-germanywestcentral", "migrationStage":"NotStarted", "server":"akswtt00700000y"}}
{"logTime": "0510/165032", "correlationVector":"sK8LT4uYyAU3p2nbiVE/4a.2","action":"ProcessGetUpdates", "result":"Done", "context":{"dataType":"Autofill Profiles", "deleted":"4", "process_failed_to_decrypt":"0", "process_pending_decryption":"0", "process_success":"6", "total":"6"}}
{"logTime": "0510/165032", "correlationVector":"sK8LT4uYyAU3p2nbiVE/4a.3","action":"ProcessGetUpdates", "result":"Done", "context":{"dataType":"Autofill", "deleted":"0", "process_failed_to_decrypt":"0", "process_pending_decryption":"0", "process_success":"135", "total":"135"}}
{"logTime": "0510/165032", "correlationVector":"sK8LT4uYyAU3p2nbiVE/4a.4","action":"ProcessGetUpdates", "result":"Done", "context":{"dataType":"Extensions", "deleted":"0", "process_failed_to_decrypt":"0", "process_pending_decryption":"0", "process_success":"1", "total":"1"}}
{"logTime": "0510/165032", "correlationVector":"sK8LT4uYyAU3p2nbiVE/4a.5","action":"ProcessGetUpdates", "result":"Done", "context":{"dataType":"Sessions", "deleted":"93", "process_failed_to_decrypt":"0", "process_pending_decryption":"0", "process_success":"93", "total":"93"}}
{"logTime": "0510/165032", "correlationVector":"sK8LT4uYyAU3p2nbiVE/4a.6","action":"ProcessGetUpdates", "result":"Done", "context":{"dataType":"Extension settings", "deleted":"0", "process_failed_to_decrypt":"0", "process_pending_decryption":"0", "process_success":"5", "total":"5"}}
{"logTime": "0510/165032", "correlationVector":"sK8LT4uYyAU3p2nbiVE/4a.7","action":"ProcessGetUpdates", "result":"Done", "context":{"dataType":"Edge Hub App Usage", "deleted":"4", "process_failed_to_decrypt":"0", "process_pending_decryption":"0", "process_success":"10", "total":"10"}}
{"logTime": "0510/165032", "correlationVector":"sK8LT4uYyAU3p2nbiVE/4a.8","action":"GetUpdates Response", "result":"Success", "context":Received 250 update(s). cV=sK8LT4uYyAU3p2nbiVE/4a.0;server=akswtt00700000y;cloudType=Consumer;environment=Prod_germanywestcentral_prod-s01-011-eur-germanywestcentral;migrationStage=NotStarted Some updates remain.}
{"logTime": "0510/165032", "correlationVector":"9hlp3IuubSlHAhqrsDew16","action":"Initial GetUpdates", "result":"", "context":Reason: NEWLY_SUPPORTED_DATATYPE. cV=9hlp3IuubSlHAhqrsDew16}
{"logTime": "0510/165033", "correlationVector":"9hlp3IuubSlHAhqrsDew16.1","action":"SyncServerConnectionManagerRequest", "result":"SYNC_SERVER_OK", "context":{"environment":"Prod_germanywestcentral_prod-s01-011-eur-germanywestcentral", "migrationStage":"NotStarted", "server":"akswtt007000007"}}
{"logTime": "0510/165033", "correlationVector":"9hlp3IuubSlHAhqrsDew16.2","action":"ProcessGetUpdates", "result":"Done", "context":{"dataType":"Extensions", "deleted":"0", "process_failed_to_decrypt":"0", "process_pending_decryption":"0", "process_success":"3", "total":"3"}}
{"logTime": "0510/165033", "correlationVector":"9hlp3IuubSlHAhqrsDew16.3","action":"ProcessGetUpdates", "result":"Done", "context":{"dataType":"Sessions", "deleted":"24", "process_failed_to_decrypt":"0", "process_pending_decryption":"0", "process_success":"31", "total":"31"}}
{"logTime": "0510/165033", "correlationVector":"9hlp3IuubSlHAhqrsDew16.4","action":"ProcessGetUpdates", "result":"Done", "context":{"dataType":"Edge Hub App Usage", "deleted":"8", "process_failed_to_decrypt":"0", "process_pending_decryption":"0", "process_success":"12", "total":"12"}}
{"logTime": "0510/165033", "correlationVector":"9hlp3IuubSlHAhqrsDew16.5","action":"GetUpdates Response", "result":"Success", "context":Received 46 update(s). cV=9hlp3IuubSlHAhqrsDew16.0;server=akswtt007000007;cloudType=Consumer;environment=Prod_germanywestcentral_prod-s01-011-eur-germanywestcentral;migrationStage=NotStarted}
{"logTime": "0510/165033", "correlationVector":"dXhVtGpK9ZqCZ7MENRKpqU","action":"Initial GetUpdates", "result":"", "context":Reason: NEWLY_SUPPORTED_DATATYPE. cV=dXhVtGpK9ZqCZ7MENRKpqU}
{"logTime": "0510/165033", "correlationVector":"dXhVtGpK9ZqCZ7MENRKpqU.1","action":"SyncServerConnectionManagerRequest", "result":"SYNC_SERVER_OK", "context":{"environment":"Prod_germanywestcentral_prod-s01-011-eur-germanywestcentral", "migrationStage":"NotStarted", "server":"akswtt00700001t"}}
{"logTime": "0510/165033", "correlationVector":"dXhVtGpK9ZqCZ7MENRKpqU.2","action":"ProcessGetUpdates", "result":"Done", "context":{"dataType":"History", "deleted":"0", "process_failed_to_decrypt":"0", "process_pending_decryption":"0", "process_success":"103", "total":"103"}}
{"logTime": "0510/165033", "correlationVector":"dXhVtGpK9ZqCZ7MENRKpqU.3","action":"GetUpdates Response", "result":"Success", "context":Received 103 update(s). cV=dXhVtGpK9ZqCZ7MENRKpqU.0;server=akswtt00700001t;cloudType=Consumer;environment=Prod_germanywestcentral_prod-s01-011-eur-germanywestcentral;migrationStage=NotStarted}
{"logTime": "0510/165033", "correlationVector":"VFussXy24Un4GrQt25a1hE","action":"Normal GetUpdate request", "result":"", "context":cV=VFussXy24Un4GrQt25a1hE
Nudged types: Sessions, Device Info, User Consents
Refresh requested types: Bookmarks, Preferences, Passwords, Autofill Profiles, Autofill, Extensions, Sessions, Extension settings, History Delete Directives, Device Info, User Consents, Send Tab To Self, Web Apps, History, Saved Tab Group, Collection, Edge E Drop, Edge Hub App Usage, Edge Tab Group, Edge Wallet, Encryption Keys}
{"logTime": "0510/165033", "correlationVector":"VFussXy24Un4GrQt25a1hE.1","action":"SyncServerConnectionManagerRequest", "result":"SYNC_SERVER_OK", "context":{"environment":"Prod_germanywestcentral_prod-s01-011-eur-germanywestcentral", "migrationStage":"NotStarted", "server":"akswtt00700000l"}}
{"logTime": "0510/165033", "correlationVector":"VFussXy24Un4GrQt25a1hE.2","action":"GetUpdates Response", "result":"Success", "context":Received 0 update(s). cV=VFussXy24Un4GrQt25a1hE.0;server=akswtt00700000l;cloudType=Consumer;environment=Prod_germanywestcentral_prod-s01-011-eur-germanywestcentral;migrationStage=NotStarted}
{"logTime": "0510/165033", "correlationVector":"ijfYjRmgiar3Y9AWkP+kTA","action":"DoCompareDataConsistency requsted types: ", "result":"Bookmarks, Preferences, Passwords, Extensions, Extension settings, History Delete Directives, Send Tab To Self, Web Apps, History, Saved Tab Group, Collection, Edge E Drop, Edge Tab Group, Edge Wallet, Encryption Keys"}
{"logTime": "0510/165033", "correlationVector":"ijfYjRmgiar3Y9AWkP+kTA.0","action":"CompareDataConsistency result: ", "result":"Compare result: Encryption Keys is consistent. local entities count is: 1 local entities hash is: 4qJTSuQecjds8Sn94cFtLCjzWNs="}
{"logTime": "0510/165033", "correlationVector":"ijfYjRmgiar3Y9AWkP+kTA.1","action":"CompareDataConsistency result: ", "result":"Compare result: Bookmarks is consistent. local entities count is: 18 local entities hash is: IoykOvPkFhUTZJyjNKgDMhvOG4Y="}
{"logTime": "0510/165033", "correlationVector":"ijfYjRmgiar3Y9AWkP+kTA.2","action":"CompareDataConsistency result: ", "result":"Compare result: Preferences is consistent. local entities count is: 78 local entities hash is: Nl4qDzJhaurRbRCS0xTQd32jYyQ="}
{"logTime": "0510/165033", "correlationVector":"ijfYjRmgiar3Y9AWkP+kTA.3","action":"CompareDataConsistency result: ", "result":"Compare result: Extensions is consistent. local entities count is: 4 local entities hash is: MwMJ/njLvHip+I7ldwGE2jv+7Ok="}
{"logTime": "0510/165033", "correlationVector":"ijfYjRmgiar3Y9AWkP+kTA.4","action":"CompareDataConsistency result: ", "result":"Compare result: Extension settings is consistent. local entities count is: 5 local entities hash is: IfJ5ibU8Py3Qc+WBLeaLeckiZes="}
{"logTime": "0510/165033", "correlationVector":"ijfYjRmgiar3Y9AWkP+kTA.5","action":"CompareDataConsistency result: ", "result":"Compare result: History Delete Directives is consistent. local entities count is: 0 local entities hash is: "}
{"logTime": "0510/165033", "correlationVector":"ijfYjRmgiar3Y9AWkP+kTA.6","action":"CompareDataConsistency result: ", "result":"Server did not send this Send Tab To Self local entities count is: 0 local entities hash is: "}
{"logTime": "0510/165033", "correlationVector":"ijfYjRmgiar3Y9AWkP+kTA.7","action":"CompareDataConsistency result: ", "result":"Compare result: Web Apps is consistent. local entities count is: 0 local entities hash is: "}
{"logTime": "0510/165033", "correlationVector":"ijfYjRmgiar3Y9AWkP+kTA.8","action":"CompareDataConsistency result: ", "result":"Server did not send this History local entities count is: 0 local entities hash is: "}
{"logTime": "0510/165033", "correlationVector":"ijfYjRmgiar3Y9AWkP+kTA.9","action":"CompareDataConsistency result: ", "result":"Compare result: Saved Tab Group is consistent. local entities count is: 0 local entities hash is: "}
{"logTime": "0510/165033", "correlationVector":"ijfYjRmgiar3Y9AWkP+kTA.10","action":"CompareDataConsistency result: ", "result":"Compare result: Collection is consistent. local entities count is: 0 local entities hash is: "}
{"logTime": "0510/165033", "correlationVector":"ijfYjRmgiar3Y9AWkP+kTA.11","action":"CompareDataConsistency result: ", "result":"Compare result: Edge E Drop is consistent. local entities count is: 0 local entities hash is: "}
{"logTime": "0510/165033", "correlationVector":"ijfYjRmgiar3Y9AWkP+kTA.12","action":"CompareDataConsistency result: ", "result":"Compare result: Edge Tab Group is consistent. local entities count is: 0 local entities hash is: "}
{"logTime": "0510/165033", "correlationVector":"ijfYjRmgiar3Y9AWkP+kTA.13","action":"CompareDataConsistency result: ", "result":"Compare result: Edge Wallet is consistent. local entities count is: 0 local entities hash is: "}
{"logTime": "0510/165033", "correlationVector":"ijfYjRmgiar3Y9AWkP+kTA.14","action":"CompareDataConsistency result: ", "result":"Compare result: Passwords is consistent. local entities count is: 29 local entities hash is: ZsanbtmOdO/PvhVtf0rEw+sbEGA="}
{"logTime": "0510/165033", "correlationVector":"OxYXUMBG2/Za+fSgliOx77","action":"Commit Request", "result":"", "context":Item count: 6
Contributing types: Sessions, Device Info, User Consents, Edge Hub App Usage}
{"logTime": "0510/165034", "correlationVector":"OxYXUMBG2/Za+fSgliOx77.1","action":"SyncServerConnectionManagerRequest", "result":"SYNC_SERVER_OK", "context":{"environment":"Prod_germanywestcentral_prod-s01-011-eur-germanywestcentral", "migrationStage":"NotStarted", "server":"akswtt007000007"}}
{"logTime": "0510/165034", "correlationVector":"OxYXUMBG2/Za+fSgliOx77.2","action":"Commit Response", "result":"Success", "context":Result: Success. cV=OxYXUMBG2/Za+fSgliOx77.0;server=akswtt007000007;cloudType=Consumer;environment=Prod_germanywestcentral_prod-s01-011-eur-germanywestcentral;migrationStage=NotStarted}
{"logTime": "0510/165034", "correlationVector":"","action":"DIAGNOSTIC_REQUEST|v1/diagnosticData/Diagnostic.SendCheckResult()|SUCCESS", "result":""}
{"logTime": "0510/165034", "correlationVector":"P0HRjs0P69o4ZrN1CGmft5","action":"Commit Request", "result":"", "context":Item count: 1
Contributing types: Edge Hub App Usage}
{"logTime": "0510/165034", "correlationVector":"P0HRjs0P69o4ZrN1CGmft5.1","action":"SyncServerConnectionManagerRequest", "result":"SYNC_SERVER_OK", "context":{"environment":"Prod_germanywestcentral_prod-s01-011-eur-germanywestcentral", "migrationStage":"NotStarted", "server":"akswtt007000017"}}
{"logTime": "0510/165034", "correlationVector":"P0HRjs0P69o4ZrN1CGmft5.2","action":"Commit Response", "result":"Success", "context":Result: Success. cV=P0HRjs0P69o4ZrN1CGmft5.0;server=akswtt007000017;cloudType=Consumer;environment=Prod_germanywestcentral_prod-s01-011-eur-germanywestcentral;migrationStage=NotStarted}
{"logTime": "0510/165039", "correlationVector":"yGbIvPsKRY5EL0yb/awS7o","action":"Commit Request", "result":"", "context":Item count: 28
Contributing types: Preferences, Passwords}
{"logTime": "0510/165040", "correlationVector":"yGbIvPsKRY5EL0yb/awS7o.1","action":"SyncServerConnectionManagerRequest", "result":"SYNC_SERVER_OK", "context":{"environment":"Prod_germanywestcentral_prod-s01-011-eur-germanywestcentral", "migrationStage":"NotStarted", "server":"akswtt007000017"}}
{"logTime": "0510/165040", "correlationVector":"yGbIvPsKRY5EL0yb/awS7o.2","action":"Commit Response", "result":"Success", "context":Result: Success. cV=yGbIvPsKRY5EL0yb/awS7o.0;server=akswtt007000017;cloudType=Consumer;environment=Prod_germanywestcentral_prod-s01-011-eur-germanywestcentral;migrationStage=NotStarted}
